[Info] /home/gitpod/.ssh/config: ENOENT: no such file or directory, open '/home/gitpod/.ssh/config'
[Info] Registering git provider
[Info] Looking for git repository
[Info] Found 0 repositories during activation
[Info] Git repository found, initializing review manager and pr tree view.
[Info] Repository file:///workspace/gitpod-test--leftover-containers has been opened
[Info] Review> Validate state in progress
[Info] Review> Validating state...
[Info] Cannot updates repositories as git is uninitialized
[Info] Git initialization state changed: state=initialized
[Info] Review> Queuing additional validate state
[Info] Review> Queuing additional validate state
[Info] Repo state for file:///workspace/gitpod-test--leftover-containers changed.
[Info] Repo file:///workspace/gitpod-test--leftover-containers has already been setup.
[Info] Review> Validating state...
[Info] Found GitHub remote
[Info] Review> no matching pull request metadata found for current branch custom-image
[Info] Review> no matching pull request metadata found on GitHub for current branch custom-image
[Info] Review> Validating state...
[Info] Found GitHub remote
[Info] Review> no matching pull request metadata found for current branch custom-image
[Info] Review> no matching pull request metadata found on GitHub for current branch custom-image
[Info] Review> Queuing additional validate state
[Info] Review> Validating state...
[Info] Found GitHub remote
[Info] Review> no matching pull request metadata found for current branch logs-for-detached-workspace
[Info] Review> no matching pull request metadata found on GitHub for current branch logs-for-detached-workspace
[Info] Review> Queuing additional validate state
[Info] Review> Validating state...
[Info] Found GitHub remote
[Info] Review> no matching pull request metadata found for current branch logs-for-detached-workspace
[Info] Review> no matching pull request metadata found on GitHub for current branch logs-for-detached-workspace
