[2022-03-08T17:35:44.877Z] Validating found git in: git
[2022-03-08T17:35:44.892Z] Using git 2.35.1 from git
[2022-03-08T17:35:44.922Z] > git rev-parse --git-dir [2ms]
[2022-03-08T17:35:44.928Z] Open repository: /workspace/gitpod-test--leftover-containers
[2022-03-08T17:35:44.950Z] > git symbolic-ref --short HEAD [1ms]
[2022-03-08T17:35:44.956Z] > git for-each-ref --format=%(refname)%00%(upstream:short)%00%(objectname)%00%(upstream:track) refs/heads/custom-image refs/remotes/custom-image [1ms]
[2022-03-08T17:35:44.967Z] > git for-each-ref --sort -committerdate --format %(refname) %(objectname) %(*objectname) [6ms]
[2022-03-08T17:35:44.968Z] > git remote --verbose [2ms]
[2022-03-08T17:35:44.978Z] > git config --get commit.template [1ms]
[2022-03-08T17:35:45.638Z] > git config --local branch.custom-image.github-pr-owner-number [58ms]
[2022-03-08T17:35:45.791Z] > git ls-files --stage -- /workspace/gitpod-test--leftover-containers/.gitpod.yml [10ms]
[2022-03-08T17:35:45.814Z] > git cat-file -s 5e772c4a5c2f791809b13d08b651b152ea2a9039 [18ms]
[2022-03-08T17:35:46.341Z] > git fetch [597ms]
[2022-03-08T17:35:46.341Z] From https://github.com/shaal/gitpod-test--leftover-containers
 * [new branch]      prebuild-download-images -> origin/prebuild-download-images
[2022-03-08T17:35:46.358Z] > git symbolic-ref --short HEAD [1ms]
[2022-03-08T17:35:46.369Z] > git for-each-ref --format=%(refname)%00%(upstream:short)%00%(objectname)%00%(upstream:track) refs/heads/custom-image refs/remotes/custom-image [5ms]
[2022-03-08T17:35:46.381Z] > git for-each-ref --sort -committerdate --format %(refname) %(objectname) %(*objectname) [6ms]
[2022-03-08T17:35:46.382Z] > git remote --verbose [2ms]
[2022-03-08T17:35:46.391Z] > git config --get commit.template [1ms]
[2022-03-08T17:35:46.572Z] > git config --local branch.custom-image.github-pr-owner-number [39ms]
[2022-03-08T17:35:47.522Z] > git symbolic-ref --short HEAD [1ms]
[2022-03-08T17:35:47.530Z] > git for-each-ref --format=%(refname)%00%(upstream:short)%00%(objectname)%00%(upstream:track) refs/heads/custom-image refs/remotes/custom-image [2ms]
[2022-03-08T17:35:47.541Z] > git for-each-ref --sort -committerdate --format %(refname) %(objectname) %(*objectname) [6ms]
[2022-03-08T17:35:47.542Z] > git remote --verbose [2ms]
[2022-03-08T17:35:47.550Z] > git config --get commit.template [1ms]
[2022-03-08T17:35:47.693Z] > git ls-files --stage -- /workspace/gitpod-test--leftover-containers/.gitpod.yml [1ms]
[2022-03-08T17:35:47.701Z] > git cat-file -s 5e772c4a5c2f791809b13d08b651b152ea2a9039 [2ms]
[2022-03-08T17:37:17.026Z] > git symbolic-ref --short HEAD [1ms]
[2022-03-08T17:37:17.035Z] > git for-each-ref --format=%(refname)%00%(upstream:short)%00%(objectname)%00%(upstream:track) refs/heads/logs-for-detached-workspace refs/remotes/logs-for-detached-workspace [2ms]
[2022-03-08T17:37:17.047Z] > git for-each-ref --sort -committerdate --format %(refname) %(objectname) %(*objectname) [7ms]
[2022-03-08T17:37:17.048Z] > git remote --verbose [2ms]
[2022-03-08T17:37:17.061Z] > git config --get commit.template [1ms]
[2022-03-08T17:37:17.262Z] > git config --local branch.logs-for-detached-workspace.github-pr-owner-number [40ms]
[2022-03-08T17:37:17.275Z] > git ls-files --stage -- /workspace/gitpod-test--leftover-containers/.gitpod.yml [2ms]
[2022-03-08T17:37:17.286Z] > git cat-file -s 5e772c4a5c2f791809b13d08b651b152ea2a9039 [5ms]
[2022-03-08T17:37:50.267Z] > git symbolic-ref --short HEAD [1ms]
[2022-03-08T17:37:50.276Z] > git for-each-ref --format=%(refname)%00%(upstream:short)%00%(objectname)%00%(upstream:track) refs/heads/logs-for-detached-workspace refs/remotes/logs-for-detached-workspace [2ms]
[2022-03-08T17:37:50.290Z] > git for-each-ref --sort -committerdate --format %(refname) %(objectname) %(*objectname) [7ms]
[2022-03-08T17:37:50.291Z] > git remote --verbose [2ms]
[2022-03-08T17:37:50.300Z] > git config --get commit.template [1ms]
[2022-03-08T17:38:15.974Z] > git symbolic-ref --short HEAD [1ms]
[2022-03-08T17:38:15.981Z] > git for-each-ref --format=%(refname)%00%(upstream:short)%00%(objectname)%00%(upstream:track) refs/heads/logs-for-detached-workspace refs/remotes/logs-for-detached-workspace [1ms]
[2022-03-08T17:38:15.992Z] > git for-each-ref --sort -committerdate --format %(refname) %(objectname) %(*objectname) [6ms]
[2022-03-08T17:38:15.993Z] > git remote --verbose [2ms]
[2022-03-08T17:38:16.000Z] > git config --get commit.template [1ms]
[2022-03-08T17:38:22.246Z] > git symbolic-ref --short HEAD [1ms]
[2022-03-08T17:38:22.253Z] > git for-each-ref --format=%(refname)%00%(upstream:short)%00%(objectname)%00%(upstream:track) refs/heads/logs-for-detached-workspace refs/remotes/logs-for-detached-workspace [1ms]
[2022-03-08T17:38:22.264Z] > git for-each-ref --sort -committerdate --format %(refname) %(objectname) %(*objectname) [6ms]
[2022-03-08T17:38:22.265Z] > git remote --verbose [2ms]
[2022-03-08T17:38:22.273Z] > git config --get commit.template [1ms]
[2022-03-08T17:38:46.726Z] > git fetch [324ms]
[2022-03-08T17:38:46.744Z] > git symbolic-ref --short HEAD [2ms]
[2022-03-08T17:38:46.750Z] > git for-each-ref --format=%(refname)%00%(upstream:short)%00%(objectname)%00%(upstream:track) refs/heads/logs-for-detached-workspace refs/remotes/logs-for-detached-workspace [1ms]
[2022-03-08T17:38:46.762Z] > git for-each-ref --sort -committerdate --format %(refname) %(objectname) %(*objectname) [6ms]
[2022-03-08T17:38:46.762Z] > git remote --verbose [1ms]
[2022-03-08T17:38:46.772Z] > git config --get commit.template [1ms]
[2022-03-08T17:38:47.878Z] > git symbolic-ref --short HEAD [1ms]
[2022-03-08T17:38:47.885Z] > git for-each-ref --format=%(refname)%00%(upstream:short)%00%(objectname)%00%(upstream:track) refs/heads/logs-for-detached-workspace refs/remotes/logs-for-detached-workspace [2ms]
[2022-03-08T17:38:47.896Z] > git for-each-ref --sort -committerdate --format %(refname) %(objectname) %(*objectname) [6ms]
[2022-03-08T17:38:47.896Z] > git remote --verbose [1ms]
[2022-03-08T17:38:47.903Z] > git config --get commit.template [1ms]
[2022-03-08T17:38:48.065Z] > git ls-files --stage -- /workspace/gitpod-test--leftover-containers/.gitpod.yml [1ms]
[2022-03-08T17:38:48.072Z] > git cat-file -s 5e772c4a5c2f791809b13d08b651b152ea2a9039 [1ms]
[2022-03-08T17:38:48.786Z] > git ls-files --stage -- /workspace/gitpod-test--leftover-containers/logs/.gitpod.yml [1ms]
[2022-03-08T17:38:54.724Z] > git ls-files --stage -- /workspace/gitpod-test--leftover-containers/.gitpod.yml [1ms]
[2022-03-08T17:38:54.731Z] > git cat-file -s 5e772c4a5c2f791809b13d08b651b152ea2a9039 [1ms]
[2022-03-08T17:38:55.631Z] > git symbolic-ref --short HEAD [1ms]
[2022-03-08T17:38:55.639Z] > git for-each-ref --format=%(refname)%00%(upstream:short)%00%(objectname)%00%(upstream:track) refs/heads/logs-for-detached-workspace refs/remotes/logs-for-detached-workspace [1ms]
[2022-03-08T17:38:55.650Z] > git for-each-ref --sort -committerdate --format %(refname) %(objectname) %(*objectname) [6ms]
[2022-03-08T17:38:55.651Z] > git remote --verbose [1ms]
[2022-03-08T17:38:55.659Z] > git config --get commit.template [1ms]
[2022-03-08T17:39:09.173Z] > git ls-tree -l HEAD -- /workspace/gitpod-test--leftover-containers/.ddev/config.yaml [3ms]
[2022-03-08T17:39:10.277Z] > git ls-tree -l HEAD -- /workspace/gitpod-test--leftover-containers/sites/default/settings.php [3ms]
[2022-03-08T17:39:11.423Z] > git ls-tree -l HEAD -- /workspace/gitpod-test--leftover-containers/.ddev/config.yaml [2ms]
[2022-03-08T17:39:12.270Z] > git ls-tree -l HEAD -- /workspace/gitpod-test--leftover-containers/sites/default/settings.php [2ms]
[2022-03-08T17:39:21.928Z] > git clean -f -q -- /workspace/gitpod-test--leftover-containers/.ddev/config.yaml [7ms]
[2022-03-08T17:39:21.929Z] > git clean -f -q -- /workspace/gitpod-test--leftover-containers/sites/default/settings.php [1ms]
[2022-03-08T17:39:21.936Z] > git checkout -q [2ms]
[2022-03-08T17:39:21.951Z] > git symbolic-ref --short HEAD [1ms]
[2022-03-08T17:39:21.958Z] > git for-each-ref --format=%(refname)%00%(upstream:short)%00%(objectname)%00%(upstream:track) refs/heads/logs-for-detached-workspace refs/remotes/logs-for-detached-workspace [1ms]
[2022-03-08T17:39:21.969Z] > git for-each-ref --sort -committerdate --format %(refname) %(objectname) %(*objectname) [5ms]
[2022-03-08T17:39:21.970Z] > git remote --verbose [1ms]
[2022-03-08T17:39:21.978Z] > git config --get commit.template [1ms]
[2022-03-08T17:39:23.138Z] > git symbolic-ref --short HEAD [1ms]
[2022-03-08T17:39:23.145Z] > git for-each-ref --format=%(refname)%00%(upstream:short)%00%(objectname)%00%(upstream:track) refs/heads/logs-for-detached-workspace refs/remotes/logs-for-detached-workspace [1ms]
[2022-03-08T17:39:23.156Z] > git for-each-ref --sort -committerdate --format %(refname) %(objectname) %(*objectname) [6ms]
[2022-03-08T17:39:23.157Z] > git remote --verbose [2ms]
[2022-03-08T17:39:23.164Z] > git config --get commit.template [1ms]
[2022-03-08T17:39:23.322Z] > git ls-tree -l HEAD -- /workspace/gitpod-test--leftover-containers/sites/default/settings.php [2ms]
[2022-03-08T17:39:50.131Z] > git symbolic-ref --short HEAD [2ms]
[2022-03-08T17:39:50.140Z] > git for-each-ref --format=%(refname)%00%(upstream:short)%00%(objectname)%00%(upstream:track) refs/heads/logs-for-detached-workspace refs/remotes/logs-for-detached-workspace [1ms]
[2022-03-08T17:39:50.154Z] > git for-each-ref --sort -committerdate --format %(refname) %(objectname) %(*objectname) [7ms]
[2022-03-08T17:39:50.154Z] > git remote --verbose [1ms]
[2022-03-08T17:39:50.164Z] > git config --get commit.template [1ms]
[2022-03-08T17:39:50.334Z] > git ls-tree -l HEAD -- /workspace/gitpod-test--leftover-containers/sites/default/settings.php [2ms]
[2022-03-08T17:39:53.370Z] > git ls-files --stage -- /workspace/gitpod-test--leftover-containers/logs [1ms]
[2022-03-08T17:39:53.377Z] > git cat-file -s 8230f965f2e7a951ce128f76b151de883c92f20b [1ms]
[2022-03-08T17:39:54.938Z] > git ls-files --stage -- /workspace/gitpod-test--leftover-containers/logs [1ms]
[2022-03-08T17:39:54.945Z] > git cat-file -s 8230f965f2e7a951ce128f76b151de883c92f20b [2ms]
[2022-03-08T17:39:56.897Z] > git ls-files --stage -- /workspace/gitpod-test--leftover-containers/.gitpod.yml [1ms]
[2022-03-08T17:39:56.904Z] > git cat-file -s 5e772c4a5c2f791809b13d08b651b152ea2a9039 [2ms]
[2022-03-08T17:39:58.924Z] > git ls-files --stage -- /workspace/gitpod-test--leftover-containers/logs [1ms]
[2022-03-08T17:39:58.931Z] > git cat-file -s 8230f965f2e7a951ce128f76b151de883c92f20b [1ms]
[2022-03-08T17:40:30.079Z] > git symbolic-ref --short HEAD [1ms]
[2022-03-08T17:40:30.088Z] > git for-each-ref --format=%(refname)%00%(upstream:short)%00%(objectname)%00%(upstream:track) refs/heads/logs-for-detached-workspace refs/remotes/logs-for-detached-workspace [1ms]
[2022-03-08T17:40:30.107Z] > git for-each-ref --sort -committerdate --format %(refname) %(objectname) %(*objectname) [11ms]
[2022-03-08T17:40:30.108Z] > git remote --verbose [4ms]
[2022-03-08T17:40:30.120Z] > git config --get commit.template [1ms]
[2022-03-08T17:40:37.074Z] > git symbolic-ref --short HEAD [1ms]
[2022-03-08T17:40:37.081Z] > git for-each-ref --format=%(refname)%00%(upstream:short)%00%(objectname)%00%(upstream:track) refs/heads/logs-for-detached-workspace refs/remotes/logs-for-detached-workspace [1ms]
[2022-03-08T17:40:37.095Z] > git for-each-ref --sort -committerdate --format %(refname) %(objectname) %(*objectname) [7ms]
[2022-03-08T17:40:37.095Z] > git remote --verbose [1ms]
[2022-03-08T17:40:37.103Z] > git config --get commit.template [1ms]
[2022-03-08T17:40:40.777Z] git.stage 1
[2022-03-08T17:40:40.778Z] git.stage.scmResources 1
[2022-03-08T17:40:40.788Z] > git add -A -- /workspace/gitpod-test--leftover-containers/logs [1ms]
[2022-03-08T17:40:40.809Z] > git symbolic-ref --short HEAD [2ms]
[2022-03-08T17:40:40.817Z] > git for-each-ref --format=%(refname)%00%(upstream:short)%00%(objectname)%00%(upstream:track) refs/heads/logs-for-detached-workspace refs/remotes/logs-for-detached-workspace [1ms]
[2022-03-08T17:40:40.831Z] > git for-each-ref --sort -committerdate --format %(refname) %(objectname) %(*objectname) [7ms]
[2022-03-08T17:40:40.832Z] > git remote --verbose [2ms]
[2022-03-08T17:40:40.842Z] > git config --get commit.template [1ms]
[2022-03-08T17:40:42.126Z] > git symbolic-ref --short HEAD [2ms]
[2022-03-08T17:40:42.133Z] > git for-each-ref --format=%(refname)%00%(upstream:short)%00%(objectname)%00%(upstream:track) refs/heads/logs-for-detached-workspace refs/remotes/logs-for-detached-workspace [2ms]
[2022-03-08T17:40:42.145Z] > git for-each-ref --sort -committerdate --format %(refname) %(objectname) %(*objectname) [6ms]
[2022-03-08T17:40:42.146Z] > git remote --verbose [2ms]
[2022-03-08T17:40:42.153Z] > git config --get commit.template [1ms]
[2022-03-08T17:40:42.785Z] > git ls-files --stage -- /workspace/gitpod-test--leftover-containers/logs-from-detached-workspace [1ms]
[2022-03-08T17:40:42.793Z] > git cat-file -s 8230f965f2e7a951ce128f76b151de883c92f20b [1ms]
[2022-03-08T17:40:44.004Z] > git ls-tree -l HEAD -- /workspace/gitpod-test--leftover-containers/logs-from-detached-workspace [6ms]
[2022-03-08T17:40:44.005Z] > git ls-files --stage -- /workspace/gitpod-test--leftover-containers/logs-from-detached-workspace [2ms]
[2022-03-08T17:40:44.012Z] > git cat-file -s 8230f965f2e7a951ce128f76b151de883c92f20b [2ms]
[2022-03-08T17:41:31.142Z] > git ls-files --stage -- /workspace/gitpod-test--leftover-containers/logs-from-detached-workspace [2ms]
[2022-03-08T17:41:31.151Z] > git cat-file -s 8230f965f2e7a951ce128f76b151de883c92f20b [1ms]
[2022-03-08T17:41:32.585Z] > git ls-files --stage -- /workspace/gitpod-test--leftover-containers/logs-from-detached-workspace [2ms]
[2022-03-08T17:41:32.592Z] > git ls-tree -l HEAD -- /workspace/gitpod-test--leftover-containers/logs-from-detached-workspace [15ms]
[2022-03-08T17:41:32.593Z] > git cat-file -s 8230f965f2e7a951ce128f76b151de883c92f20b [2ms]
[2022-03-08T17:41:34.354Z] > git symbolic-ref --short HEAD [1ms]
[2022-03-08T17:41:34.362Z] > git for-each-ref --format=%(refname)%00%(upstream:short)%00%(objectname)%00%(upstream:track) refs/heads/logs-for-detached-workspace refs/remotes/logs-for-detached-workspace [2ms]
[2022-03-08T17:41:34.374Z] > git for-each-ref --sort -committerdate --format %(refname) %(objectname) %(*objectname) [7ms]
[2022-03-08T17:41:34.374Z] > git remote --verbose [1ms]
[2022-03-08T17:41:34.385Z] > git config --get commit.template [2ms]
[2022-03-08T17:41:47.115Z] > git fetch [333ms]
[2022-03-08T17:41:47.138Z] > git symbolic-ref --short HEAD [2ms]
[2022-03-08T17:41:47.149Z] > git for-each-ref --format=%(refname)%00%(upstream:short)%00%(objectname)%00%(upstream:track) refs/heads/logs-for-detached-workspace refs/remotes/logs-for-detached-workspace [2ms]
[2022-03-08T17:41:47.166Z] > git for-each-ref --sort -committerdate --format %(refname) %(objectname) %(*objectname) [8ms]
[2022-03-08T17:41:47.167Z] > git remote --verbose [2ms]
[2022-03-08T17:41:47.175Z] > git config --get commit.template [1ms]
[2022-03-08T17:41:48.257Z] > git symbolic-ref --short HEAD [1ms]
[2022-03-08T17:41:48.266Z] > git for-each-ref --format=%(refname)%00%(upstream:short)%00%(objectname)%00%(upstream:track) refs/heads/logs-for-detached-workspace refs/remotes/logs-for-detached-workspace [1ms]
[2022-03-08T17:41:48.280Z] > git for-each-ref --sort -committerdate --format %(refname) %(objectname) %(*objectname) [7ms]
[2022-03-08T17:41:48.280Z] > git remote --verbose [1ms]
[2022-03-08T17:41:48.291Z] > git config --get commit.template [1ms]
[2022-03-08T17:41:48.432Z] > git ls-tree -l HEAD -- /workspace/gitpod-test--leftover-containers/logs-from-detached-workspace [7ms]
[2022-03-08T17:41:48.433Z] > git ls-files --stage -- /workspace/gitpod-test--leftover-containers/logs-from-detached-workspace [1ms]
[2022-03-08T17:41:48.441Z] > git cat-file -s 8230f965f2e7a951ce128f76b151de883c92f20b [1ms]
[2022-03-08T17:42:19.729Z] > git symbolic-ref --short HEAD [1ms]
[2022-03-08T17:42:19.739Z] > git for-each-ref --format=%(refname)%00%(upstream:short)%00%(objectname)%00%(upstream:track) refs/heads/logs-for-detached-workspace refs/remotes/logs-for-detached-workspace [1ms]
[2022-03-08T17:42:19.752Z] > git for-each-ref --sort -committerdate --format %(refname) %(objectname) %(*objectname) [7ms]
[2022-03-08T17:42:19.753Z] > git remote --verbose [1ms]
[2022-03-08T17:42:19.762Z] > git config --get commit.template [1ms]
[2022-03-08T17:42:19.921Z] > git ls-tree -l HEAD -- /workspace/gitpod-test--leftover-containers/logs-from-detached-workspace [8ms]
[2022-03-08T17:42:19.922Z] > git ls-files --stage -- /workspace/gitpod-test--leftover-containers/logs-from-detached-workspace [2ms]
[2022-03-08T17:43:01.599Z] > git push -u origin logs-for-detached-workspace [884ms]
[2022-03-08T17:43:01.599Z] remote: 
remote: Create a pull request for 'logs-for-detached-workspace' on GitHub by visiting:        
remote:      https://github.com/shaal/gitpod-test--leftover-containers/pull/new/logs-for-detached-workspace        
remote: 
To https://github.com/shaal/gitpod-test--leftover-containers.git
 * [new branch]      logs-for-detached-workspace -> logs-for-detached-workspace
[2022-03-08T17:43:01.619Z] > git symbolic-ref --short HEAD [1ms]
[2022-03-08T17:43:01.628Z] > git for-each-ref --format=%(refname)%00%(upstream:short)%00%(objectname)%00%(upstream:track) refs/heads/logs-for-detached-workspace refs/remotes/logs-for-detached-workspace [2ms]
[2022-03-08T17:43:01.642Z] > git for-each-ref --sort -committerdate --format %(refname) %(objectname) %(*objectname) [7ms]
[2022-03-08T17:43:01.643Z] > git remote --verbose [2ms]
[2022-03-08T17:43:01.655Z] > git config --get commit.template [2ms]
[2022-03-08T17:43:01.820Z] > git config --local branch.logs-for-detached-workspace.github-pr-owner-number [41ms]
[2022-03-08T17:43:02.778Z] > git symbolic-ref --short HEAD [2ms]
[2022-03-08T17:43:02.786Z] > git for-each-ref --format=%(refname)%00%(upstream:short)%00%(objectname)%00%(upstream:track) refs/heads/logs-for-detached-workspace refs/remotes/logs-for-detached-workspace [1ms]
[2022-03-08T17:43:02.801Z] > git for-each-ref --sort -committerdate --format %(refname) %(objectname) %(*objectname) [8ms]
[2022-03-08T17:43:02.801Z] > git remote --verbose [1ms]
[2022-03-08T17:43:02.814Z] > git config --get commit.template [2ms]
[2022-03-08T17:43:02.960Z] > git ls-tree -l HEAD -- /workspace/gitpod-test--leftover-containers/logs-from-detached-workspace [8ms]
[2022-03-08T17:43:02.962Z] > git ls-files --stage -- /workspace/gitpod-test--leftover-containers/logs-from-detached-workspace [3ms]
[2022-03-08T17:43:32.897Z] > git symbolic-ref --short HEAD [1ms]
[2022-03-08T17:43:32.906Z] > git for-each-ref --format=%(refname)%00%(upstream:short)%00%(objectname)%00%(upstream:track) refs/heads/logs-for-detached-workspace refs/remotes/logs-for-detached-workspace [2ms]
[2022-03-08T17:43:32.921Z] > git for-each-ref --sort -committerdate --format %(refname) %(objectname) %(*objectname) [8ms]
[2022-03-08T17:43:32.921Z] > git remote --verbose [1ms]
[2022-03-08T17:43:32.930Z] > git config --get commit.template [1ms]
[2022-03-08T17:43:49.927Z] > git symbolic-ref --short HEAD [1ms]
[2022-03-08T17:43:49.934Z] > git for-each-ref --format=%(refname)%00%(upstream:short)%00%(objectname)%00%(upstream:track) refs/heads/logs-for-detached-workspace refs/remotes/logs-for-detached-workspace [1ms]
[2022-03-08T17:43:49.947Z] > git for-each-ref --sort -committerdate --format %(refname) %(objectname) %(*objectname) [7ms]
[2022-03-08T17:43:49.947Z] > git remote --verbose [1ms]
[2022-03-08T17:43:49.957Z] > git config --get commit.template [2ms]
[2022-03-08T17:43:50.123Z] > git ls-tree -l HEAD -- /workspace/gitpod-test--leftover-containers/logs-from-detached-workspace [8ms]
[2022-03-08T17:43:50.124Z] > git ls-files --stage -- /workspace/gitpod-test--leftover-containers/logs-from-detached-workspace [2ms]
[2022-03-08T17:44:07.178Z] > git symbolic-ref --short HEAD [1ms]
[2022-03-08T17:44:07.187Z] > git for-each-ref --format=%(refname)%00%(upstream:short)%00%(objectname)%00%(upstream:track) refs/heads/logs-for-detached-workspace refs/remotes/logs-for-detached-workspace [2ms]
[2022-03-08T17:44:07.201Z] > git for-each-ref --sort -committerdate --format %(refname) %(objectname) %(*objectname) [7ms]
[2022-03-08T17:44:07.202Z] > git remote --verbose [2ms]
[2022-03-08T17:44:07.215Z] > git config --get commit.template [2ms]
[2022-03-08T17:44:07.377Z] > git ls-tree -l HEAD -- /workspace/gitpod-test--leftover-containers/logs-from-detached-workspace [9ms]
[2022-03-08T17:44:07.378Z] > git ls-files --stage -- /workspace/gitpod-test--leftover-containers/logs-from-detached-workspace [2ms]
[2022-03-08T17:44:14.831Z] > git symbolic-ref --short HEAD [1ms]
[2022-03-08T17:44:14.838Z] > git for-each-ref --format=%(refname)%00%(upstream:short)%00%(objectname)%00%(upstream:track) refs/heads/logs-for-detached-workspace refs/remotes/logs-for-detached-workspace [1ms]
[2022-03-08T17:44:14.850Z] > git for-each-ref --sort -committerdate --format %(refname) %(objectname) %(*objectname) [7ms]
[2022-03-08T17:44:14.850Z] > git remote --verbose [1ms]
[2022-03-08T17:44:14.859Z] > git config --get commit.template [1ms]
[2022-03-08T17:44:15.022Z] > git ls-tree -l HEAD -- /workspace/gitpod-test--leftover-containers/logs-from-detached-workspace [8ms]
[2022-03-08T17:44:15.023Z] > git ls-files --stage -- /workspace/gitpod-test--leftover-containers/logs-from-detached-workspace [2ms]
[2022-03-08T17:44:34.847Z] > git symbolic-ref --short HEAD [1ms]
[2022-03-08T17:44:34.854Z] > git for-each-ref --format=%(refname)%00%(upstream:short)%00%(objectname)%00%(upstream:track) refs/heads/logs-for-detached-workspace refs/remotes/logs-for-detached-workspace [1ms]
[2022-03-08T17:44:34.867Z] > git for-each-ref --sort -committerdate --format %(refname) %(objectname) %(*objectname) [7ms]
[2022-03-08T17:44:34.868Z] > git remote --verbose [2ms]
[2022-03-08T17:44:34.880Z] > git config --get commit.template [2ms]
[2022-03-08T17:44:39.905Z] > git symbolic-ref --short HEAD [1ms]
[2022-03-08T17:44:39.915Z] > git for-each-ref --format=%(refname)%00%(upstream:short)%00%(objectname)%00%(upstream:track) refs/heads/logs-for-detached-workspace refs/remotes/logs-for-detached-workspace [2ms]
[2022-03-08T17:44:39.930Z] > git for-each-ref --sort -committerdate --format %(refname) %(objectname) %(*objectname) [8ms]
[2022-03-08T17:44:39.930Z] > git remote --verbose [1ms]
[2022-03-08T17:44:39.940Z] > git config --get commit.template [1ms]
[2022-03-08T17:44:47.461Z] > git fetch [275ms]
[2022-03-08T17:44:47.480Z] > git symbolic-ref --short HEAD [1ms]
[2022-03-08T17:44:47.488Z] > git for-each-ref --format=%(refname)%00%(upstream:short)%00%(objectname)%00%(upstream:track) refs/heads/logs-for-detached-workspace refs/remotes/logs-for-detached-workspace [2ms]
[2022-03-08T17:44:47.500Z] > git for-each-ref --sort -committerdate --format %(refname) %(objectname) %(*objectname) [6ms]
[2022-03-08T17:44:47.501Z] > git remote --verbose [2ms]
[2022-03-08T17:44:47.509Z] > git config --get commit.template [1ms]
[2022-03-08T17:44:48.628Z] > git symbolic-ref --short HEAD [1ms]
[2022-03-08T17:44:48.635Z] > git for-each-ref --format=%(refname)%00%(upstream:short)%00%(objectname)%00%(upstream:track) refs/heads/logs-for-detached-workspace refs/remotes/logs-for-detached-workspace [1ms]
[2022-03-08T17:44:48.646Z] > git for-each-ref --sort -committerdate --format %(refname) %(objectname) %(*objectname) [6ms]
[2022-03-08T17:44:48.646Z] > git remote --verbose [1ms]
[2022-03-08T17:44:48.655Z] > git config --get commit.template [1ms]
[2022-03-08T17:44:48.807Z] > git ls-tree -l HEAD -- /workspace/gitpod-test--leftover-containers/logs-from-detached-workspace [8ms]
[2022-03-08T17:44:48.808Z] > git ls-files --stage -- /workspace/gitpod-test--leftover-containers/logs-from-detached-workspace [2ms]
[2022-03-08T17:44:53.678Z] > git symbolic-ref --short HEAD [2ms]
[2022-03-08T17:44:53.686Z] > git for-each-ref --format=%(refname)%00%(upstream:short)%00%(objectname)%00%(upstream:track) refs/heads/logs-for-detached-workspace refs/remotes/logs-for-detached-workspace [2ms]
[2022-03-08T17:44:53.698Z] > git for-each-ref --sort -committerdate --format %(refname) %(objectname) %(*objectname) [6ms]
[2022-03-08T17:44:53.698Z] > git remote --verbose [1ms]
[2022-03-08T17:44:53.707Z] > git config --get commit.template [1ms]
[2022-03-08T17:44:56.806Z] > git ls-tree -l HEAD -- /workspace/gitpod-test--leftover-containers/logs [9ms]
[2022-03-08T17:44:56.808Z] > git ls-files --stage -- /workspace/gitpod-test--leftover-containers/logs [3ms]
[2022-03-08T17:44:56.818Z] > git cat-file -s 8230f965f2e7a951ce128f76b151de883c92f20b [2ms]
[2022-03-08T17:45:11.881Z] > git symbolic-ref --short HEAD [4ms]
[2022-03-08T17:45:11.889Z] > git for-each-ref --format=%(refname)%00%(upstream:short)%00%(objectname)%00%(upstream:track) refs/heads/logs-for-detached-workspace refs/remotes/logs-for-detached-workspace [1ms]
[2022-03-08T17:45:11.903Z] > git for-each-ref --sort -committerdate --format %(refname) %(objectname) %(*objectname) [7ms]
[2022-03-08T17:45:11.903Z] > git remote --verbose [1ms]
[2022-03-08T17:45:11.913Z] > git config --get commit.template [1ms]
[2022-03-08T17:45:14.734Z] git.stage 1
[2022-03-08T17:45:14.735Z] git.stage.scmResources 1
[2022-03-08T17:45:14.745Z] > git add -A -- /workspace/gitpod-test--leftover-containers/logs [2ms]
[2022-03-08T17:45:14.762Z] > git symbolic-ref --short HEAD [1ms]
[2022-03-08T17:45:14.770Z] > git for-each-ref --format=%(refname)%00%(upstream:short)%00%(objectname)%00%(upstream:track) refs/heads/logs-for-detached-workspace refs/remotes/logs-for-detached-workspace [2ms]
[2022-03-08T17:45:14.783Z] > git for-each-ref --sort -committerdate --format %(refname) %(objectname) %(*objectname) [7ms]
[2022-03-08T17:45:14.784Z] > git remote --verbose [2ms]
[2022-03-08T17:45:14.793Z] > git config --get commit.template [1ms]
[2022-03-08T17:45:16.126Z] > git ls-tree -l HEAD -- /workspace/gitpod-test--leftover-containers/logs [7ms]
[2022-03-08T17:45:16.127Z] > git ls-files --stage -- /workspace/gitpod-test--leftover-containers/logs [1ms]
[2022-03-08T17:45:16.934Z] > git symbolic-ref --short HEAD [1ms]
[2022-03-08T17:45:16.941Z] > git for-each-ref --format=%(refname)%00%(upstream:short)%00%(objectname)%00%(upstream:track) refs/heads/logs-for-detached-workspace refs/remotes/logs-for-detached-workspace [1ms]
[2022-03-08T17:45:16.952Z] > git for-each-ref --sort -committerdate --format %(refname) %(objectname) %(*objectname) [6ms]
[2022-03-08T17:45:16.952Z] > git remote --verbose [1ms]
[2022-03-08T17:45:16.960Z] > git config --get commit.template [1ms]
[2022-03-08T17:45:39.195Z] > git symbolic-ref --short HEAD [1ms]
[2022-03-08T17:45:39.204Z] > git for-each-ref --format=%(refname)%00%(upstream:short)%00%(objectname)%00%(upstream:track) refs/heads/logs-for-detached-workspace refs/remotes/logs-for-detached-workspace [2ms]
[2022-03-08T17:45:39.219Z] > git for-each-ref --sort -committerdate --format %(refname) %(objectname) %(*objectname) [9ms]
[2022-03-08T17:45:39.219Z] > git remote --verbose [1ms]
[2022-03-08T17:45:39.228Z] > git config --get commit.template [2ms]
[2022-03-08T17:45:57.973Z] > git symbolic-ref --short HEAD [1ms]
[2022-03-08T17:45:57.981Z] > git for-each-ref --format=%(refname)%00%(upstream:short)%00%(objectname)%00%(upstream:track) refs/heads/logs-for-detached-workspace refs/remotes/logs-for-detached-workspace [2ms]
[2022-03-08T17:45:57.995Z] > git for-each-ref --sort -committerdate --format %(refname) %(objectname) %(*objectname) [7ms]
[2022-03-08T17:45:57.996Z] > git remote --verbose [1ms]
[2022-03-08T17:45:58.004Z] > git config --get commit.template [1ms]
[2022-03-08T17:46:57.846Z] > git symbolic-ref --short HEAD [1ms]
[2022-03-08T17:46:57.854Z] > git for-each-ref --format=%(refname)%00%(upstream:short)%00%(objectname)%00%(upstream:track) refs/heads/logs-for-detached-workspace refs/remotes/logs-for-detached-workspace [2ms]
[2022-03-08T17:46:57.866Z] > git for-each-ref --sort -committerdate --format %(refname) %(objectname) %(*objectname) [6ms]
[2022-03-08T17:46:57.866Z] > git remote --verbose [1ms]
[2022-03-08T17:46:57.875Z] > git config --get commit.template [1ms]
